# JRE version: Java(TM) SE Runtime Environment (8.0_92-b14) (build 1.8.0_92-b14)
# Java VM: Java HotSpot(TM) 64-Bit Server VM (25.92-b14 mixed mode linux-amd64 compressed oops)
Heap:
 PSYoungGen      total 36864K, used 14384K [0x00000000d6e00000, 0x00000000da380000, 0x0000000100000000)
  eden space 31744K, 29% used [0x00000000d6e00000,0x00000000d7714040,0x00000000d8d00000)
  from space 5120K, 99% used [0x00000000d8d00000,0x00000000d91f8370,0x00000000d9200000)
  to   space 5120K, 0% used [0x00000000d9e80000,0x00000000d9e80000,0x00000000da380000)
 ParOldGen       total 68608K, used 16801K [0x0000000084a00000, 0x0000000088d00000, 0x00000000d6e00000)
  object space 68608K, 24% used [0x0000000084a00000,0x0000000085a68780,0x0000000088d00000)
 Metaspace       used 24755K, capacity 25012K, committed 25216K, reserved 1071104K
  class space    used 2838K, capacity 2936K, committed 2944K, reserved 1048576K
GC Heap History (8 events):
Event: 1,663 GC heap before
{Heap before GC invocations=1 (full 0):
 PSYoungGen      total 36864K, used 31431K [0x00000000d6e00000, 0x00000000d9700000, 0x0000000100000000)
  eden space 31744K, 99% used [0x00000000d6e00000,0x00000000d8cb1d08,0x00000000d8d00000)
  from space 5120K, 0% used [0x00000000d9200000,0x00000000d9200000,0x00000000d9700000)
  to   space 5120K, 0% used [0x00000000d8d00000,0x00000000d8d00000,0x00000000d9200000)
 ParOldGen       total 84992K, used 0K [0x0000000084a00000, 0x0000000089d00000, 0x00000000d6e00000)
  object space 84992K, 0% used [0x0000000084a00000,0x0000000084a00000,0x0000000089d00000)
 Metaspace       used 17122K, capacity 17418K, committed 17536K, reserved 1064960K
  class space    used 2062K, capacity 2157K, committed 2176K, reserved 1048576K
Event: 1,678 GC heap after
Heap after GC invocations=1 (full 0):
 PSYoungGen      total 36864K, used 5103K [0x00000000d6e00000, 0x00000000d9700000, 0x0000000100000000)
  eden space 31744K, 0% used [0x00000000d6e00000,0x00000000d6e00000,0x00000000d8d00000)
  from space 5120K, 99% used [0x00000000d8d00000,0x00000000d91fbe00,0x00000000d9200000)
  to   space 5120K, 0% used [0x00000000d9200000,0x00000000d9200000,0x00000000d9700000)
 ParOldGen       total 84992K, used 2057K [0x0000000084a00000, 0x0000000089d00000, 0x00000000d6e00000)
  object space 84992K, 2% used [0x0000000084a00000,0x0000000084c026b0,0x0000000089d00000)
 Metaspace       used 17122K, capacity 17418K, committed 17536K, reserved 1064960K
  class space    used 2062K, capacity 2157K, committed 2176K, reserved 1048576K
}
Event: 3,387 GC heap before
{Heap before GC invocations=2 (full 0):
 PSYoungGen      total 36864K, used 16369K [0x00000000d6e00000, 0x00000000d9700000, 0x0000000100000000)
  eden space 31744K, 35% used [0x00000000d6e00000,0x00000000d7900688,0x00000000d8d00000)
  from space 5120K, 99% used [0x00000000d8d00000,0x00000000d91fbe00,0x00000000d9200000)
  to   space 5120K, 0% used [0x00000000d9200000,0x00000000d9200000,0x00000000d9700000)
 ParOldGen       total 84992K, used 2057K [0x0000000084a00000, 0x0000000089d00000, 0x00000000d6e00000)
  object space 84992K, 2% used [0x0000000084a00000,0x0000000084c026b0,0x0000000089d00000)
 Metaspace       used 20914K, capacity 21138K, committed 21296K, reserved 1069056K
  class space    used 2514K, capacity 2607K, committed 2688K, reserved 1048576K
Event: 3,416 GC heap after
Heap after GC invocations=2 (full 0):
 PSYoungGen      total 36864K, used 5091K [0x00000000d6e00000, 0x00000000db600000, 0x0000000100000000)
  eden space 31744K, 0% used [0x00000000d6e00000,0x00000000d6e00000,0x00000000d8d00000)
  from space 5120K, 99% used [0x00000000d9200000,0x00000000d96f8c28,0x00000000d9700000)
  to   space 5120K, 0% used [0x00000000d8d00000,0x00000000d8d00000,0x00000000d9200000)
 ParOldGen       total 84992K, used 10022K [0x0000000084a00000, 0x0000000089d00000, 0x00000000d6e00000)
  object space 84992K, 11% used [0x0000000084a00000,0x00000000853c9800,0x0000000089d00000)
 Metaspace       used 20914K, capacity 21138K, committed 21296K, reserved 1069056K
  class space    used 2514K, capacity 2607K, committed 2688K, reserved 1048576K
}
Event: 3,416 GC heap before
{Heap before GC invocations=3 (full 1):
 PSYoungGen      total 36864K, used 5091K [0x00000000d6e00000, 0x00000000db600000, 0x0000000100000000)
  eden space 31744K, 0% used [0x00000000d6e00000,0x00000000d6e00000,0x00000000d8d00000)
  from space 5120K, 99% used [0x00000000d9200000,0x00000000d96f8c28,0x00000000d9700000)
  to   space 5120K, 0% used [0x00000000d8d00000,0x00000000d8d00000,0x00000000d9200000)
 ParOldGen       total 84992K, used 10022K [0x0000000084a00000, 0x0000000089d00000, 0x00000000d6e00000)
  object space 84992K, 11% used [0x0000000084a00000,0x00000000853c9800,0x0000000089d00000)
 Metaspace       used 20914K, capacity 21138K, committed 21296K, reserved 1069056K
  class space    used 2514K, capacity 2607K, committed 2688K, reserved 1048576K
Event: 3,462 GC heap after
Heap after GC invocations=3 (full 1):
 PSYoungGen      total 36864K, used 0K [0x00000000d6e00000, 0x00000000db600000, 0x0000000100000000)
  eden space 31744K, 0% used [0x00000000d6e00000,0x00000000d6e00000,0x00000000d8d00000)
  from space 5120K, 0% used [0x00000000d9200000,0x00000000d9200000,0x00000000d9700000)
  to   space 5120K, 0% used [0x00000000d8d00000,0x00000000d8d00000,0x00000000d9200000)
 ParOldGen       total 68608K, used 10995K [0x0000000084a00000, 0x0000000088d00000, 0x00000000d6e00000)
  object space 68608K, 16% used [0x0000000084a00000,0x00000000854bcd50,0x0000000088d00000)
 Metaspace       used 20914K, capacity 21138K, committed 21296K, reserved 1069056K
  class space    used 2514K, capacity 2607K, committed 2688K, reserved 1048576K
}
Event: 33,602 GC heap before
{Heap before GC invocations=4 (full 1):
 PSYoungGen      total 36864K, used 31744K [0x00000000d6e00000, 0x00000000db600000, 0x0000000100000000)
  eden space 31744K, 100% used [0x00000000d6e00000,0x00000000d8d00000,0x00000000d8d00000)
  from space 5120K, 0% used [0x00000000d9200000,0x00000000d9200000,0x00000000d9700000)
  to   space 5120K, 0% used [0x00000000d8d00000,0x00000000d8d00000,0x00000000d9200000)
 ParOldGen       total 68608K, used 10998K [0x0000000084a00000, 0x0000000088d00000, 0x00000000d6e00000)
  object space 68608K, 16% used [0x0000000084a00000,0x00000000854bda88,0x0000000088d00000)
 Metaspace       used 24484K, capacity 24756K, committed 24960K, reserved 1071104K
  class space    used 2838K, capacity 2936K, committed 2944K, reserved 1048576K
Event: 33,632 GC heap after
Heap after GC invocations=4 (full 1):
 PSYoungGen      total 36864K, used 5088K [0x00000000d6e00000, 0x00000000da380000, 0x0000000100000000)
  eden space 31744K, 0% used [0x00000000d6e00000,0x00000000d6e00000,0x00000000d8d00000)
  from space 5120K, 99% used [0x00000000d8d00000,0x00000000d91f8370,0x00000000d9200000)
  to   space 5120K, 0% used [0x00000000d9e80000,0x00000000d9e80000,0x00000000da380000)
 ParOldGen       total 68608K, used 16801K [0x0000000084a00000, 0x0000000088d00000, 0x00000000d6e00000)
  object space 68608K, 24% used [0x0000000084a00000,0x0000000085a68780,0x0000000088d00000)
 Metaspace       used 24484K, capacity 24756K, committed 24960K, reserved 1071104K
  class space    used 2838K, capacity 2936K, committed 2944K, reserved 1048576K
}

