# JRE version: Java(TM) SE Runtime Environment (7.0_51-b13) (build 1.7.0_51-b13)
# Java VM: Java HotSpot(TM) 64-Bit Server VM (24.51-b03 mixed mode windows-amd64 compressed oops)
Heap
 PSYoungGen      total 26624K, used 10448K [0x00000000eb080000, 0x00000000ed580000, 0x0000000100000000)
  eden space 16384K, 63% used [0x00000000eb080000,0x00000000ebaa4340,0x00000000ec080000)
  from space 10240K, 0% used [0x00000000ecb80000,0x00000000ecb90010,0x00000000ed580000)
  to   space 10752K, 0% used [0x00000000ec080000,0x00000000ec080000,0x00000000ecb00000)
 ParOldGen       total 42496K, used 13343K [0x00000000c1200000, 0x00000000c3b80000, 0x00000000eb080000)
  object space 42496K, 31% used [0x00000000c1200000,0x00000000c1f07ce0,0x00000000c3b80000)
 PSPermGen       total 21504K, used 19827K [0x00000000bc000000, 0x00000000bd500000, 0x00000000c1200000)
  object space 21504K, 92% used [0x00000000bc000000,0x00000000bd35ced8,0x00000000bd500000)
GC Heap History (10 events):
Event: 25.585 GC heap before
{Heap before GC invocations=4 (full 0):
 PSYoungGen      total 18944K, used 18919K [0x00000000eb080000, 0x00000000ec580000, 0x0000000100000000)
  eden space 16384K, 100% used [0x00000000eb080000,0x00000000ec080000,0x00000000ec080000)
  from space 2560K, 99% used [0x00000000ec080000,0x00000000ec2f9df0,0x00000000ec300000)
  to   space 2560K, 0% used [0x00000000ec300000,0x00000000ec300000,0x00000000ec580000)
 ParOldGen       total 42496K, used 10770K [0x00000000c1200000, 0x00000000c3b80000, 0x00000000eb080000)
  object space 42496K, 25% used [0x00000000c1200000,0x00000000c1c849d8,0x00000000c3b80000)
 PSPermGen       total 21504K, used 19827K [0x00000000bc000000, 0x00000000bd500000, 0x00000000c1200000)
  object space 21504K, 92% used [0x00000000bc000000,0x00000000bd35ced8,0x00000000bd500000)
Event: 25.592 GC heap after
Heap after GC invocations=4 (full 0):
 PSYoungGen      total 18944K, used 2535K [0x00000000eb080000, 0x00000000ec580000, 0x0000000100000000)
  eden space 16384K, 0% used [0x00000000eb080000,0x00000000eb080000,0x00000000ec080000)
  from space 2560K, 99% used [0x00000000ec300000,0x00000000ec579df0,0x00000000ec580000)
  to   space 2560K, 0% used [0x00000000ec080000,0x00000000ec080000,0x00000000ec300000)
 ParOldGen       total 42496K, used 10802K [0x00000000c1200000, 0x00000000c3b80000, 0x00000000eb080000)
  object space 42496K, 25% used [0x00000000c1200000,0x00000000c1c8c9e8,0x00000000c3b80000)
 PSPermGen       total 21504K, used 19827K [0x00000000bc000000, 0x00000000bd500000, 0x00000000c1200000)
  object space 21504K, 92% used [0x00000000bc000000,0x00000000bd35ced8,0x00000000bd500000)
}
Event: 30.641 GC heap before
{Heap before GC invocations=5 (full 0):
 PSYoungGen      total 18944K, used 18919K [0x00000000eb080000, 0x00000000ec580000, 0x0000000100000000)
  eden space 16384K, 100% used [0x00000000eb080000,0x00000000ec080000,0x00000000ec080000)
  from space 2560K, 99% used [0x00000000ec300000,0x00000000ec579df0,0x00000000ec580000)
  to   space 2560K, 0% used [0x00000000ec080000,0x00000000ec080000,0x00000000ec300000)
 ParOldGen       total 42496K, used 10802K [0x00000000c1200000, 0x00000000c3b80000, 0x00000000eb080000)
  object space 42496K, 25% used [0x00000000c1200000,0x00000000c1c8c9e8,0x00000000c3b80000)
 PSPermGen       total 21504K, used 19827K [0x00000000bc000000, 0x00000000bd500000, 0x00000000c1200000)
  object space 21504K, 92% used [0x00000000bc000000,0x00000000bd35ced8,0x00000000bd500000)
Event: 30.650 GC heap after
Heap after GC invocations=5 (full 0):
 PSYoungGen      total 18944K, used 2555K [0x00000000eb080000, 0x00000000ed780000, 0x0000000100000000)
  eden space 16384K, 0% used [0x00000000eb080000,0x00000000eb080000,0x00000000ec080000)
  from space 2560K, 99% used [0x00000000ec080000,0x00000000ec2fee00,0x00000000ec300000)
  to   space 11776K, 0% used [0x00000000ecc00000,0x00000000ecc00000,0x00000000ed780000)
 ParOldGen       total 42496K, used 10802K [0x00000000c1200000, 0x00000000c3b80000, 0x00000000eb080000)
  object space 42496K, 25% used [0x00000000c1200000,0x00000000c1c8c9e8,0x00000000c3b80000)
 PSPermGen       total 21504K, used 19827K [0x00000000bc000000, 0x00000000bd500000, 0x00000000c1200000)
  object space 21504K, 92% used [0x00000000bc000000,0x00000000bd35ced8,0x00000000bd500000)
}
Event: 35.673 GC heap before
{Heap before GC invocations=6 (full 0):
 PSYoungGen      total 18944K, used 18939K [0x00000000eb080000, 0x00000000ed780000, 0x0000000100000000)
  eden space 16384K, 100% used [0x00000000eb080000,0x00000000ec080000,0x00000000ec080000)
  from space 2560K, 99% used [0x00000000ec080000,0x00000000ec2fee00,0x00000000ec300000)
  to   space 11776K, 0% used [0x00000000ecc00000,0x00000000ecc00000,0x00000000ed780000)
 ParOldGen       total 42496K, used 10802K [0x00000000c1200000, 0x00000000c3b80000, 0x00000000eb080000)
  object space 42496K, 25% used [0x00000000c1200000,0x00000000c1c8c9e8,0x00000000c3b80000)
 PSPermGen       total 21504K, used 19827K [0x00000000bc000000, 0x00000000bd500000, 0x00000000c1200000)
  object space 21504K, 92% used [0x00000000bc000000,0x00000000bd35ced8,0x00000000bd500000)
Event: 35.681 GC heap after
Heap after GC invocations=6 (full 0):
 PSYoungGen      total 27136K, used 2571K [0x00000000eb080000, 0x00000000ed680000, 0x0000000100000000)
  eden space 16384K, 0% used [0x00000000eb080000,0x00000000eb080000,0x00000000ec080000)
  from space 10752K, 23% used [0x00000000ecc00000,0x00000000ece82e20,0x00000000ed680000)
  to   space 11264K, 0% used [0x00000000ec080000,0x00000000ec080000,0x00000000ecb80000)
 ParOldGen       total 42496K, used 10802K [0x00000000c1200000, 0x00000000c3b80000, 0x00000000eb080000)
  object space 42496K, 25% used [0x00000000c1200000,0x00000000c1c8c9e8,0x00000000c3b80000)
 PSPermGen       total 21504K, used 19827K [0x00000000bc000000, 0x00000000bd500000, 0x00000000c1200000)
  object space 21504K, 92% used [0x00000000bc000000,0x00000000bd35ced8,0x00000000bd500000)
}
Event: 40.981 GC heap before
{Heap before GC invocations=7 (full 0):
 PSYoungGen      total 27136K, used 18955K [0x00000000eb080000, 0x00000000ed680000, 0x0000000100000000)
  eden space 16384K, 100% used [0x00000000eb080000,0x00000000ec080000,0x00000000ec080000)
  from space 10752K, 23% used [0x00000000ecc00000,0x00000000ece82e20,0x00000000ed680000)
  to   space 11264K, 0% used [0x00000000ec080000,0x00000000ec080000,0x00000000ecb80000)
 ParOldGen       total 42496K, used 10802K [0x00000000c1200000, 0x00000000c3b80000, 0x00000000eb080000)
  object space 42496K, 25% used [0x00000000c1200000,0x00000000c1c8c9e8,0x00000000c3b80000)
 PSPermGen       total 21504K, used 19827K [0x00000000bc000000, 0x00000000bd500000, 0x00000000c1200000)
  object space 21504K, 92% used [0x00000000bc000000,0x00000000bd35ced8,0x00000000bd500000)
Event: 40.989 GC heap after
Heap after GC invocations=7 (full 0):
 PSYoungGen      total 27648K, used 276K [0x00000000eb080000, 0x00000000ed680000, 0x0000000100000000)
  eden space 16384K, 0% used [0x00000000eb080000,0x00000000eb080000,0x00000000ec080000)
  from space 11264K, 2% used [0x00000000ec080000,0x00000000ec0c5040,0x00000000ecb80000)
  to   space 11264K, 0% used [0x00000000ecb80000,0x00000000ecb80000,0x00000000ed680000)
 ParOldGen       total 42496K, used 13131K [0x00000000c1200000, 0x00000000c3b80000, 0x00000000eb080000)
  object space 42496K, 30% used [0x00000000c1200000,0x00000000c1ed2c80,0x00000000c3b80000)
 PSPermGen       total 21504K, used 19827K [0x00000000bc000000, 0x00000000bd500000, 0x00000000c1200000)
  object space 21504K, 92% used [0x00000000bc000000,0x00000000bd35ced8,0x00000000bd500000)
}
Event: 46.085 GC heap before
{Heap before GC invocations=8 (full 0):
 PSYoungGen      total 27648K, used 16660K [0x00000000eb080000, 0x00000000ed680000, 0x0000000100000000)
  eden space 16384K, 100% used [0x00000000eb080000,0x00000000ec080000,0x00000000ec080000)
  from space 11264K, 2% used [0x00000000ec080000,0x00000000ec0c5040,0x00000000ecb80000)
  to   space 11264K, 0% used [0x00000000ecb80000,0x00000000ecb80000,0x00000000ed680000)
 ParOldGen       total 42496K, used 13131K [0x00000000c1200000, 0x00000000c3b80000, 0x00000000eb080000)
  object space 42496K, 30% used [0x00000000c1200000,0x00000000c1ed2c80,0x00000000c3b80000)
 PSPermGen       total 21504K, used 19827K [0x00000000bc000000, 0x00000000bd500000, 0x00000000c1200000)
  object space 21504K, 92% used [0x00000000bc000000,0x00000000bd35ced8,0x00000000bd500000)
Event: 46.087 GC heap after
Heap after GC invocations=8 (full 0):
 PSYoungGen      total 26624K, used 64K [0x00000000eb080000, 0x00000000ed580000, 0x0000000100000000)
  eden space 16384K, 0% used [0x00000000eb080000,0x00000000eb080000,0x00000000ec080000)
  from space 10240K, 0% used [0x00000000ecb80000,0x00000000ecb90010,0x00000000ed580000)
  to   space 10752K, 0% used [0x00000000ec080000,0x00000000ec080000,0x00000000ecb00000)
 ParOldGen       total 42496K, used 13343K [0x00000000c1200000, 0x00000000c3b80000, 0x00000000eb080000)
  object space 42496K, 31% used [0x00000000c1200000,0x00000000c1f07ce0,0x00000000c3b80000)
 PSPermGen       total 21504K, used 19827K [0x00000000bc000000, 0x00000000bd500000, 0x00000000c1200000)
  object space 21504K, 92% used [0x00000000bc000000,0x00000000bd35ced8,0x00000000bd500000)
}

