# JRE version: Java(TM) SE Runtime Environment (8.0_92-b14) (build 1.8.0_92-b14)
# Java VM: Java HotSpot(TM) 64-Bit Server VM (25.92-b14 mixed mode linux-amd64 compressed oops)
Heap:
 PSYoungGen      total 68608K, used 33686K [0x00000000d6e00000, 0x00000000db600000, 0x0000000100000000)
  eden space 63488K, 53% used [0x00000000d6e00000,0x00000000d8ee5be8,0x00000000dac00000)
  from space 5120K, 0% used [0x00000000db100000,0x00000000db100000,0x00000000db600000)
  to   space 5120K, 0% used [0x00000000dac00000,0x00000000dac00000,0x00000000db100000)
 ParOldGen       total 56320K, used 10314K [0x0000000084a00000, 0x0000000088100000, 0x00000000d6e00000)
  object space 56320K, 18% used [0x0000000084a00000,0x0000000085412a70,0x0000000088100000)
 Metaspace       used 24560K, capacity 24810K, committed 24960K, reserved 1071104K
  class space    used 2834K, capacity 2935K, committed 2944K, reserved 1048576K
GC Heap History (6 events):
Event: 1,752 GC heap before
{Heap before GC invocations=1 (full 0):
 PSYoungGen      total 36864K, used 30070K [0x00000000d6e00000, 0x00000000d9700000, 0x0000000100000000)
  eden space 31744K, 94% used [0x00000000d6e00000,0x00000000d8b5db80,0x00000000d8d00000)
  from space 5120K, 0% used [0x00000000d9200000,0x00000000d9200000,0x00000000d9700000)
  to   space 5120K, 0% used [0x00000000d8d00000,0x00000000d8d00000,0x00000000d9200000)
 ParOldGen       total 84992K, used 0K [0x0000000084a00000, 0x0000000089d00000, 0x00000000d6e00000)
  object space 84992K, 0% used [0x0000000084a00000,0x0000000084a00000,0x0000000089d00000)
 Metaspace       used 17123K, capacity 17414K, committed 17536K, reserved 1064960K
  class space    used 2061K, capacity 2157K, committed 2176K, reserved 1048576K
Event: 1,792 GC heap after
Heap after GC invocations=1 (full 0):
 PSYoungGen      total 36864K, used 5114K [0x00000000d6e00000, 0x00000000db600000, 0x0000000100000000)
  eden space 31744K, 0% used [0x00000000d6e00000,0x00000000d6e00000,0x00000000d8d00000)
  from space 5120K, 99% used [0x00000000d8d00000,0x00000000d91feb38,0x00000000d9200000)
  to   space 5120K, 0% used [0x00000000db100000,0x00000000db100000,0x00000000db600000)
 ParOldGen       total 84992K, used 711K [0x0000000084a00000, 0x0000000089d00000, 0x00000000d6e00000)
  object space 84992K, 0% used [0x0000000084a00000,0x0000000084ab1f20,0x0000000089d00000)
 Metaspace       used 17123K, capacity 17414K, committed 17536K, reserved 1064960K
  class space    used 2061K, capacity 2157K, committed 2176K, reserved 1048576K
}
Event: 10,502 GC heap before
{Heap before GC invocations=2 (full 0):
 PSYoungGen      total 36864K, used 17066K [0x00000000d6e00000, 0x00000000db600000, 0x0000000100000000)
  eden space 31744K, 37% used [0x00000000d6e00000,0x00000000d79ac018,0x00000000d8d00000)
  from space 5120K, 99% used [0x00000000d8d00000,0x00000000d91feb38,0x00000000d9200000)
  to   space 5120K, 0% used [0x00000000db100000,0x00000000db100000,0x00000000db600000)
 ParOldGen       total 84992K, used 711K [0x0000000084a00000, 0x0000000089d00000, 0x00000000d6e00000)
  object space 84992K, 0% used [0x0000000084a00000,0x0000000084ab1f20,0x0000000089d00000)
 Metaspace       used 20880K, capacity 21102K, committed 21296K, reserved 1069056K
  class space    used 2486K, capacity 2575K, committed 2688K, reserved 1048576K
Event: 10,568 GC heap after
Heap after GC invocations=2 (full 0):
 PSYoungGen      total 68608K, used 5117K [0x00000000d6e00000, 0x00000000db600000, 0x0000000100000000)
  eden space 63488K, 0% used [0x00000000d6e00000,0x00000000d6e00000,0x00000000dac00000)
  from space 5120K, 99% used [0x00000000db100000,0x00000000db5ff588,0x00000000db600000)
  to   space 5120K, 0% used [0x00000000dac00000,0x00000000dac00000,0x00000000db100000)
 ParOldGen       total 84992K, used 6162K [0x0000000084a00000, 0x0000000089d00000, 0x00000000d6e00000)
  object space 84992K, 7% used [0x0000000084a00000,0x0000000085004898,0x0000000089d00000)
 Metaspace       used 20880K, capacity 21102K, committed 21296K, reserved 1069056K
  class space    used 2486K, capacity 2575K, committed 2688K, reserved 1048576K
}
Event: 10,568 GC heap before
{Heap before GC invocations=3 (full 1):
 PSYoungGen      total 68608K, used 5117K [0x00000000d6e00000, 0x00000000db600000, 0x0000000100000000)
  eden space 63488K, 0% used [0x00000000d6e00000,0x00000000d6e00000,0x00000000dac00000)
  from space 5120K, 99% used [0x00000000db100000,0x00000000db5ff588,0x00000000db600000)
  to   space 5120K, 0% used [0x00000000dac00000,0x00000000dac00000,0x00000000db100000)
 ParOldGen       total 84992K, used 6162K [0x0000000084a00000, 0x0000000089d00000, 0x00000000d6e00000)
  object space 84992K, 7% used [0x0000000084a00000,0x0000000085004898,0x0000000089d00000)
 Metaspace       used 20880K, capacity 21102K, committed 21296K, reserved 1069056K
  class space    used 2486K, capacity 2575K, committed 2688K, reserved 1048576K
Event: 10,611 GC heap after
Heap after GC invocations=3 (full 1):
 PSYoungGen      total 68608K, used 0K [0x00000000d6e00000, 0x00000000db600000, 0x0000000100000000)
  eden space 63488K, 0% used [0x00000000d6e00000,0x00000000d6e00000,0x00000000dac00000)
  from space 5120K, 0% used [0x00000000db100000,0x00000000db100000,0x00000000db600000)
  to   space 5120K, 0% used [0x00000000dac00000,0x00000000dac00000,0x00000000db100000)
 ParOldGen       total 56320K, used 10314K [0x0000000084a00000, 0x0000000088100000, 0x00000000d6e00000)
  object space 56320K, 18% used [0x0000000084a00000,0x0000000085412a70,0x0000000088100000)
 Metaspace       used 20880K, capacity 21102K, committed 21296K, reserved 1069056K
  class space    used 2486K, capacity 2575K, committed 2688K, reserved 1048576K
}

