# JRE version: Java(TM) SE Runtime Environment (7.0_51-b13) (build 1.7.0_51-b13)
# Java VM: Java HotSpot(TM) 64-Bit Server VM (24.51-b03 mixed mode windows-amd64 compressed oops)
Heap
 PSYoungGen      total 16896K, used 11078K [0x00000000eb080000, 0x00000000ec200000, 0x0000000100000000)
  eden space 16384K, 67% used [0x00000000eb080000,0x00000000ebb41810,0x00000000ec080000)
  from space 512K, 12% used [0x00000000ec100000,0x00000000ec110010,0x00000000ec180000)
  to   space 512K, 0% used [0x00000000ec180000,0x00000000ec180000,0x00000000ec200000)
 ParOldGen       total 42496K, used 23487K [0x00000000c1200000, 0x00000000c3b80000, 0x00000000eb080000)
  object space 42496K, 55% used [0x00000000c1200000,0x00000000c28efc30,0x00000000c3b80000)
 PSPermGen       total 21504K, used 20890K [0x00000000bc000000, 0x00000000bd500000, 0x00000000c1200000)
  object space 21504K, 97% used [0x00000000bc000000,0x00000000bd466a08,0x00000000bd500000)
GC Heap History (10 events):
Event: 2060.624 GC heap before
{Heap before GC invocations=395 (full 0):
 PSYoungGen      total 16896K, used 16416K [0x00000000eb080000, 0x00000000ec200000, 0x0000000100000000)
  eden space 16384K, 100% used [0x00000000eb080000,0x00000000ec080000,0x00000000ec080000)
  from space 512K, 6% used [0x00000000ec180000,0x00000000ec188000,0x00000000ec200000)
  to   space 512K, 0% used [0x00000000ec100000,0x00000000ec100000,0x00000000ec180000)
 ParOldGen       total 42496K, used 23463K [0x00000000c1200000, 0x00000000c3b80000, 0x00000000eb080000)
  object space 42496K, 55% used [0x00000000c1200000,0x00000000c28e9c20,0x00000000c3b80000)
 PSPermGen       total 21504K, used 20890K [0x00000000bc000000, 0x00000000bd500000, 0x00000000c1200000)
  object space 21504K, 97% used [0x00000000bc000000,0x00000000bd466a08,0x00000000bd500000)
Event: 2060.625 GC heap after
Heap after GC invocations=395 (full 0):
 PSYoungGen      total 16896K, used 64K [0x00000000eb080000, 0x00000000ec200000, 0x0000000100000000)
  eden space 16384K, 0% used [0x00000000eb080000,0x00000000eb080000,0x00000000ec080000)
  from space 512K, 12% used [0x00000000ec100000,0x00000000ec110010,0x00000000ec180000)
  to   space 512K, 0% used [0x00000000ec180000,0x00000000ec180000,0x00000000ec200000)
 ParOldGen       total 42496K, used 23463K [0x00000000c1200000, 0x00000000c3b80000, 0x00000000eb080000)
  object space 42496K, 55% used [0x00000000c1200000,0x00000000c28e9c20,0x00000000c3b80000)
 PSPermGen       total 21504K, used 20890K [0x00000000bc000000, 0x00000000bd500000, 0x00000000c1200000)
  object space 21504K, 97% used [0x00000000bc000000,0x00000000bd466a08,0x00000000bd500000)
}
Event: 2065.913 GC heap before
{Heap before GC invocations=396 (full 0):
 PSYoungGen      total 16896K, used 16448K [0x00000000eb080000, 0x00000000ec200000, 0x0000000100000000)
  eden space 16384K, 100% used [0x00000000eb080000,0x00000000ec080000,0x00000000ec080000)
  from space 512K, 12% used [0x00000000ec100000,0x00000000ec110010,0x00000000ec180000)
  to   space 512K, 0% used [0x00000000ec180000,0x00000000ec180000,0x00000000ec200000)
 ParOldGen       total 42496K, used 23463K [0x00000000c1200000, 0x00000000c3b80000, 0x00000000eb080000)
  object space 42496K, 55% used [0x00000000c1200000,0x00000000c28e9c20,0x00000000c3b80000)
 PSPermGen       total 21504K, used 20890K [0x00000000bc000000, 0x00000000bd500000, 0x00000000c1200000)
  object space 21504K, 97% used [0x00000000bc000000,0x00000000bd466a08,0x00000000bd500000)
Event: 2065.914 GC heap after
Heap after GC invocations=396 (full 0):
 PSYoungGen      total 16896K, used 96K [0x00000000eb080000, 0x00000000ec200000, 0x0000000100000000)
  eden space 16384K, 0% used [0x00000000eb080000,0x00000000eb080000,0x00000000ec080000)
  from space 512K, 18% used [0x00000000ec180000,0x00000000ec198000,0x00000000ec200000)
  to   space 512K, 0% used [0x00000000ec100000,0x00000000ec100000,0x00000000ec180000)
 ParOldGen       total 42496K, used 23463K [0x00000000c1200000, 0x00000000c3b80000, 0x00000000eb080000)
  object space 42496K, 55% used [0x00000000c1200000,0x00000000c28e9c20,0x00000000c3b80000)
 PSPermGen       total 21504K, used 20890K [0x00000000bc000000, 0x00000000bd500000, 0x00000000c1200000)
  object space 21504K, 97% used [0x00000000bc000000,0x00000000bd466a08,0x00000000bd500000)
}
Event: 2071.057 GC heap before
{Heap before GC invocations=397 (full 0):
 PSYoungGen      total 16896K, used 16480K [0x00000000eb080000, 0x00000000ec200000, 0x0000000100000000)
  eden space 16384K, 100% used [0x00000000eb080000,0x00000000ec080000,0x00000000ec080000)
  from space 512K, 18% used [0x00000000ec180000,0x00000000ec198000,0x00000000ec200000)
  to   space 512K, 0% used [0x00000000ec100000,0x00000000ec100000,0x00000000ec180000)
 ParOldGen       total 42496K, used 23463K [0x00000000c1200000, 0x00000000c3b80000, 0x00000000eb080000)
  object space 42496K, 55% used [0x00000000c1200000,0x00000000c28e9c20,0x00000000c3b80000)
 PSPermGen       total 21504K, used 20890K [0x00000000bc000000, 0x00000000bd500000, 0x00000000c1200000)
  object space 21504K, 97% used [0x00000000bc000000,0x00000000bd466a08,0x00000000bd500000)
Event: 2071.058 GC heap after
Heap after GC invocations=397 (full 0):
 PSYoungGen      total 16896K, used 64K [0x00000000eb080000, 0x00000000ec200000, 0x0000000100000000)
  eden space 16384K, 0% used [0x00000000eb080000,0x00000000eb080000,0x00000000ec080000)
  from space 512K, 12% used [0x00000000ec100000,0x00000000ec110000,0x00000000ec180000)
  to   space 512K, 0% used [0x00000000ec180000,0x00000000ec180000,0x00000000ec200000)
 ParOldGen       total 42496K, used 23487K [0x00000000c1200000, 0x00000000c3b80000, 0x00000000eb080000)
  object space 42496K, 55% used [0x00000000c1200000,0x00000000c28efc30,0x00000000c3b80000)
 PSPermGen       total 21504K, used 20890K [0x00000000bc000000, 0x00000000bd500000, 0x00000000c1200000)
  object space 21504K, 97% used [0x00000000bc000000,0x00000000bd466a08,0x00000000bd500000)
}
Event: 2076.247 GC heap before
{Heap before GC invocations=398 (full 0):
 PSYoungGen      total 16896K, used 16448K [0x00000000eb080000, 0x00000000ec200000, 0x0000000100000000)
  eden space 16384K, 100% used [0x00000000eb080000,0x00000000ec080000,0x00000000ec080000)
  from space 512K, 12% used [0x00000000ec100000,0x00000000ec110000,0x00000000ec180000)
  to   space 512K, 0% used [0x00000000ec180000,0x00000000ec180000,0x00000000ec200000)
 ParOldGen       total 42496K, used 23487K [0x00000000c1200000, 0x00000000c3b80000, 0x00000000eb080000)
  object space 42496K, 55% used [0x00000000c1200000,0x00000000c28efc30,0x00000000c3b80000)
 PSPermGen       total 21504K, used 20890K [0x00000000bc000000, 0x00000000bd500000, 0x00000000c1200000)
  object space 21504K, 97% used [0x00000000bc000000,0x00000000bd466a08,0x00000000bd500000)
Event: 2076.248 GC heap after
Heap after GC invocations=398 (full 0):
 PSYoungGen      total 16896K, used 64K [0x00000000eb080000, 0x00000000ec200000, 0x0000000100000000)
  eden space 16384K, 0% used [0x00000000eb080000,0x00000000eb080000,0x00000000ec080000)
  from space 512K, 12% used [0x00000000ec180000,0x00000000ec190010,0x00000000ec200000)
  to   space 512K, 0% used [0x00000000ec100000,0x00000000ec100000,0x00000000ec180000)
 ParOldGen       total 42496K, used 23487K [0x00000000c1200000, 0x00000000c3b80000, 0x00000000eb080000)
  object space 42496K, 55% used [0x00000000c1200000,0x00000000c28efc30,0x00000000c3b80000)
 PSPermGen       total 21504K, used 20890K [0x00000000bc000000, 0x00000000bd500000, 0x00000000c1200000)
  object space 21504K, 97% used [0x00000000bc000000,0x00000000bd466a08,0x00000000bd500000)
}
Event: 2081.428 GC heap before
{Heap before GC invocations=399 (full 0):
 PSYoungGen      total 16896K, used 16448K [0x00000000eb080000, 0x00000000ec200000, 0x0000000100000000)
  eden space 16384K, 100% used [0x00000000eb080000,0x00000000ec080000,0x00000000ec080000)
  from space 512K, 12% used [0x00000000ec180000,0x00000000ec190010,0x00000000ec200000)
  to   space 512K, 0% used [0x00000000ec100000,0x00000000ec100000,0x00000000ec180000)
 ParOldGen       total 42496K, used 23487K [0x00000000c1200000, 0x00000000c3b80000, 0x00000000eb080000)
  object space 42496K, 55% used [0x00000000c1200000,0x00000000c28efc30,0x00000000c3b80000)
 PSPermGen       total 21504K, used 20890K [0x00000000bc000000, 0x00000000bd500000, 0x00000000c1200000)
  object space 21504K, 97% used [0x00000000bc000000,0x00000000bd466a08,0x00000000bd500000)
Event: 2081.429 GC heap after
Heap after GC invocations=399 (full 0):
 PSYoungGen      total 16896K, used 64K [0x00000000eb080000, 0x00000000ec200000, 0x0000000100000000)
  eden space 16384K, 0% used [0x00000000eb080000,0x00000000eb080000,0x00000000ec080000)
  from space 512K, 12% used [0x00000000ec100000,0x00000000ec110010,0x00000000ec180000)
  to   space 512K, 0% used [0x00000000ec180000,0x00000000ec180000,0x00000000ec200000)
 ParOldGen       total 42496K, used 23487K [0x00000000c1200000, 0x00000000c3b80000, 0x00000000eb080000)
  object space 42496K, 55% used [0x00000000c1200000,0x00000000c28efc30,0x00000000c3b80000)
 PSPermGen       total 21504K, used 20890K [0x00000000bc000000, 0x00000000bd500000, 0x00000000c1200000)
  object space 21504K, 97% used [0x00000000bc000000,0x00000000bd466a08,0x00000000bd500000)
}

